Using pre-set license
Built from '2020.2/release' branch; Version is '2020.2.0f1 (3721df5a8b28) revision 3613151'; Using compiler version '192528614'; Build Type 'Release'
OS: 'Windows 10  (10.0.0) 64bit' Language: 'en' Physical Memory: 8039 MB
BatchMode: 1, IsHumanControllingUs: 0, StartBugReporterOnCrash: 0, Is64bit: 1, IsPro: 0

 COMMAND LINE ARGUMENTS:
C:\Program Files\Unity\Hub\Editor\2020.2.0f1\Editor\Unity.exe
-adb2
-batchMode
-noUpm
-name
AssetImportWorker0
-projectPath
C:/Users/bobby/Documents/GitHub/topdown/topdown
-logFile
Logs/AssetImportWorker0.log
-srvPort
56021
Successfully changed project path to: C:/Users/bobby/Documents/GitHub/topdown/topdown
C:/Users/bobby/Documents/GitHub/topdown/topdown
Using Asset Import Pipeline V2.
Refreshing native plugins compatible for Editor in 119.29 ms, found 1 plugins.
Preloading 0 native plugins for Editor in 0.00 ms.
Initialize engine version: 2020.2.0f1 (3721df5a8b28)
[Subsystems] Discovering subsystems at path C:/Program Files/Unity/Hub/Editor/2020.2.0f1/Editor/Data/Resources/UnitySubsystems
[Subsystems] Discovering subsystems at path C:/Users/bobby/Documents/GitHub/topdown/topdown/Assets
GfxDevice: creating device client; threaded=0
Direct3D:
    Version:  Direct3D 11.0 [level 11.1]
    Renderer: Intel(R) UHD Graphics 620 (ID=0x3ea0)
    Vendor:   
    VRAM:     4019 MB
    Driver:   27.20.100.9030
Shader 'MoreMountains/MMRipple': fallback shader 'Particle/AlphaBlended' not found
Shader 'Universal Render Pipeline/Particles/Lit': fallback shader 'Universal Render Pipeline/Particles/SimpleLit' not found
Initialize mono
Mono path[0] = 'C:/Program Files/Unity/Hub/Editor/2020.2.0f1/Editor/Data/Managed'
Mono path[1] = 'C:/Program Files/Unity/Hub/Editor/2020.2.0f1/Editor/Data/MonoBleedingEdge/lib/mono/unityjit'
Mono config path = 'C:/Program Files/Unity/Hub/Editor/2020.2.0f1/Editor/Data/MonoBleedingEdge/etc'
Using monoOptions --debugger-agent=transport=dt_socket,embedding=1,server=y,suspend=n,address=127.0.0.1:56772
Begin MonoManager ReloadAssembly
Registering precompiled unity dll's ...
Register platform support module: C:/Program Files/Unity/Hub/Editor/2020.2.0f1/Editor/Data/PlaybackEngines/WindowsStandaloneSupport/UnityEditor.WindowsStandalone.Extensions.dll
Registered in 0.002602 seconds.
Native extension for WindowsStandalone target not found
Refreshing native plugins compatible for Editor in 121.54 ms, found 1 plugins.
Preloading 0 native plugins for Editor in 0.00 ms.
Invoked RoslynAnalysisRunner static constructor.
RoslynAnalysisRunner will not be running.
RoslynAnalysisRunner has terminated.
Mono: successfully reloaded assembly
- Completed reload, in  2.611 seconds
Platform modules already initialized, skipping
Registering precompiled user dll's ...
Registered in 0.003351 seconds.
Begin MonoManager ReloadAssembly
Native extension for WindowsStandalone target not found
Refreshing native plugins compatible for Editor in 141.91 ms, found 1 plugins.
Preloading 0 native plugins for Editor in 0.00 ms.
Invoked RoslynAnalysisRunner static constructor.
RoslynAnalysisRunner will not be running.
RoslynAnalysisRunner has terminated.
Mono: successfully reloaded assembly
- Completed reload, in  1.753 seconds
Platform modules already initialized, skipping
========================================================================
Worker process is ready to serve import requests
Shader 'Universal Render Pipeline/Particles/Lit': fallback shader 'Universal Render Pipeline/Particles/SimpleLit' not found
Shader 'MoreMountains/MMRipple': fallback shader 'Particle/AlphaBlended' not found
Launched and connected shader compiler UnityShaderCompiler.exe after 0.04 seconds
Refreshing native plugins compatible for Editor in 1.44 ms, found 1 plugins.
Preloading 0 native plugins for Editor in 0.00 ms.
Unloading 4058 Unused Serialized files (Serialized files now loaded: 0)
System memory in use before: 259.6 MB.
System memory in use after: 259.8 MB.

Unloading 22 unused Assets to reduce memory usage. Loaded Objects now: 4532.
Total: 4.770000 ms (FindLiveObjects: 0.742200 ms CreateObjectMapping: 0.392300 ms MarkObjects: 3.564200 ms  DeleteObjects: 0.069000 ms)

========================================================================
Received Import Request.
  path: Assets/Resources/Sprites/General/MoreMountainsLogoSplashScreen.png
  artifactKey: Guid(2de366636f4c9fa498926af72ca0834e) Importer(815301076,1909f56bfc062723c751e8b465ee728b)
Start importing Assets/Resources/Sprites/General/MoreMountainsLogoSplashScreen.png using Guid(2de366636f4c9fa498926af72ca0834e) Importer(815301076,1909f56bfc062723c751e8b465ee728b)  -> (artifact id: '0cb98be61ed523ce978fdba2aa7f11e3') in 0.201426 seconds
  Import took 0.211654 seconds .

========================================================================
Received Import Request.
  Time since last request: 0.003912 seconds.
  path: Assets/Resources/Sprites/General/MoreMountainsLogoSplashScreen.png
  artifactKey: Guid(2de366636f4c9fa498926af72ca0834e) Importer(815301076,1909f56bfc062723c751e8b465ee728b)
Start importing Assets/Resources/Sprites/General/MoreMountainsLogoSplashScreen.png using Guid(2de366636f4c9fa498926af72ca0834e) Importer(815301076,1909f56bfc062723c751e8b465ee728b)  -> (artifact id: '0cb98be61ed523ce978fdba2aa7f11e3') in 0.011198 seconds
  Import took 0.018774 seconds .

========================================================================
Received Prepare
Shader 'Universal Render Pipeline/Particles/Lit': fallback shader 'Universal Render Pipeline/Particles/SimpleLit' not found
Shader 'MoreMountains/MMRipple': fallback shader 'Particle/AlphaBlended' not found
Refreshing native plugins compatible for Editor in 3.75 ms, found 1 plugins.
Preloading 0 native plugins for Editor in 0.00 ms.
Unloading 6 Unused Serialized files (Serialized files now loaded: 0)
System memory in use before: 176.8 MB.
System memory in use after: 177.1 MB.

Unloading 6 unused Assets to reduce memory usage. Loaded Objects now: 4538.
Total: 4.791500 ms (FindLiveObjects: 0.677400 ms CreateObjectMapping: 0.336700 ms MarkObjects: 3.754500 ms  DeleteObjects: 0.020600 ms)

AssetImportWorkerClient::OnTransportError - code=2 error=End of file
